1636125604868:connect
1636125607728:a
1636125611423:nkienyu
1636125616735:testets
1636125621844:b
1636125770320:connect
1636125771566:a
1636125773535:Nathan
1636125777003:b
1636132596057:connect
1636132598623:B
1636133120338:connect
1636133122371:b
1636133128212:nkienyu
1636133160554:stacktrace
1636134392072:connect
1636134394171:B
1636134399765:nkienyu
1636134603971:connect
1636134605042:b
1636134609700:nkienyu
1636134720110:connect
1636134721317:a
1636134724024:nkienyu
1636134754340:help
1636134757128:deactivate
1636135036274:connect
1636135037248:a
1636135040310:nkienyu
1636135048651:help
1636135060259:sign-out
1636135127137:help
1636135131599:connect
1636135137401:A
1636135142913:nkienyu
1636135151095:sign-out
1636135178992:connect
1636135182228:B
1636135186739:nkienyu
1636135194393:newUser
1636135203434:sign-out
1636135207232:help
1636135220624:deactivate
1636400209745:c
1636400225792:B
1636400261240:John.Smith
